2022/04/04 19:31:59 [DEBUG]main.go:11: DoConnecionBegin is Called ... 
2022/04/04 19:32:19 [DEBUG]main.go:25: DoConneciotnLost is Called ... 
2022/04/04 20:44:18 [DEBUG]main.go:13: DoConnecionBegin is Called ... 
2022/04/04 23:11:58 [DEBUG]main.go:13: DoConnecionBegin is Called ... 
2022/04/04 23:12:15 [DEBUG]main.go:27: DoConneciotnLost is Called ... 
2022/04/04 23:18:07 [DEBUG]main.go:13: DoConnecionBegin is Called ... 
2022/04/04 23:18:27 [DEBUG]main.go:27: DoConneciotnLost is Called ... 
2022/04/04 23:23:01 [DEBUG]main.go:13: DoConnecionBegin is Called ... 
2022/04/04 23:23:09 [DEBUG]main.go:27: DoConneciotnLost is Called ... 
2022/04/04 23:23:15 [DEBUG]main.go:13: DoConnecionBegin is Called ... 
2022/04/06 22:10:53 [DEBUG]main.go:13: DoConnecionBegin is Called ... 
2022/04/06 22:11:10 [DEBUG]main.go:28: DoConneciotnLost is Called ... 
2022/04/06 22:11:44 [DEBUG]main.go:13: DoConnecionBegin is Called ... 
2022/04/06 22:11:50 [DEBUG]main.go:28: DoConneciotnLost is Called ... 
2022/04/08 22:11:09 [DEBUG]main.go:13: DoConnecionBegin is Called ... 
2022/04/08 22:21:09 [DEBUG]main.go:28: DoConneciotnLost is Called ... 
2022/04/08 22:24:38 [DEBUG]main.go:13: DoConnecionBegin is Called ... 
2022/04/08 22:25:33 [DEBUG]main.go:28: DoConneciotnLost is Called ... 
2022/04/08 22:25:33 [DEBUG]main.go:13: DoConnecionBegin is Called ... 
2022/04/08 22:58:04 [DEBUG]main.go:28: DoConneciotnLost is Called ... 
2022/04/08 22:58:05 [DEBUG]main.go:13: DoConnecionBegin is Called ... 
2022/04/09 10:31:19 [DEBUG]main.go:28: DoConneciotnLost is Called ... 
2022/04/09 10:31:19 [DEBUG]main.go:13: DoConnecionBegin is Called ... 
2022/04/09 10:36:42 [DEBUG]main.go:28: DoConneciotnLost is Called ... 
2022/04/09 10:36:42 [DEBUG]main.go:13: DoConnecionBegin is Called ... 
2022/04/10 09:14:33 [DEBUG]main.go:28: DoConneciotnLost is Called ... 
2022/04/10 09:14:33 [DEBUG]main.go:13: DoConnecionBegin is Called ... 
2022/04/10 09:37:17 [DEBUG]main.go:28: DoConneciotnLost is Called ... 
2022/04/10 09:37:17 [DEBUG]main.go:13: DoConnecionBegin is Called ... 
2022/04/10 09:41:41 [DEBUG]main.go:28: DoConneciotnLost is Called ... 
2022/04/10 09:41:41 [DEBUG]main.go:13: DoConnecionBegin is Called ... 
2022/04/10 09:52:19 [DEBUG]main.go:13: DoConnecionBegin is Called ... 
2022/04/10 11:44:51 [DEBUG]main.go:13: DoConnecionBegin is Called ... 
2022/04/10 12:04:46 [DEBUG]main.go:13: DoConnecionBegin is Called ... 
2022/04/10 12:04:59 [INFO]user.go:41: ID: 1000 : 登录成功
2022/04/10 15:57:46 [INFO]user.go:41: ID: 1000 : 登录成功
2022/04/10 15:57:51 [DEBUG]main.go:28: DoConneciotnLost is Called ... 
2022/04/10 15:58:18 [DEBUG]main.go:13: DoConnecionBegin is Called ... 
2022/04/10 15:59:01 [DEBUG]main.go:13: DoConnecionBegin is Called ... 
2022/04/10 16:00:08 [DEBUG]main.go:13: DoConnecionBegin is Called ... 
2022/04/10 17:36:48 [DEBUG]main.go:28: DoConneciotnLost is Called ... 
2022/04/10 17:36:49 [DEBUG]main.go:13: DoConnecionBegin is Called ... 
2022/04/10 18:31:41 [DEBUG]main.go:28: DoConneciotnLost is Called ... 
2022/04/10 18:31:41 [DEBUG]main.go:13: DoConnecionBegin is Called ... 
2022/04/10 18:51:10 [DEBUG]main.go:28: DoConneciotnLost is Called ... 
2022/04/10 18:51:11 [DEBUG]main.go:13: DoConnecionBegin is Called ... 
2022/04/10 19:03:17 [DEBUG]main.go:28: DoConneciotnLost is Called ... 
2022/04/10 19:03:17 [DEBUG]main.go:13: DoConnecionBegin is Called ... 
2022/04/11 21:14:11 [DEBUG]main.go:17: DoConnecionBegin is Called ... 
2022/04/12 08:41:25 [DEBUG]main.go:32: DoConneciotnLost is Called ... 
2022/04/12 08:45:52 [DEBUG]main.go:17: DoConnecionBegin is Called ... 
2022/04/12 09:08:35 [DEBUG]main.go:32: DoConneciotnLost is Called ... 
2022/04/12 09:08:48 [DEBUG]main.go:17: DoConnecionBegin is Called ... 
2022/04/12 09:37:38 [DEBUG]main.go:32: DoConneciotnLost is Called ... 
2022/04/12 21:52:19 [DEBUG]main.go:17: DoConnecionBegin is Called ... 
2022/04/12 21:54:48 [DEBUG]main.go:32: DoConneciotnLost is Called ... 
2022/04/12 21:54:48 [DEBUG]main.go:17: DoConnecionBegin is Called ... 
2022/04/13 08:49:07 [DEBUG]main.go:32: DoConneciotnLost is Called ... 
2022/04/13 08:49:07 [DEBUG]main.go:17: DoConnecionBegin is Called ... 
2022/04/13 09:14:18 [DEBUG]main.go:17: DoConnecionBegin is Called ... 
2022/04/13 09:34:14 [DEBUG]main.go:17: DoConnecionBegin is Called ... 
2022/04/13 09:35:19 [DEBUG]main.go:17: DoConnecionBegin is Called ... 
2022/04/13 09:37:07 [DEBUG]main.go:17: DoConnecionBegin is Called ... 
2022/04/13 10:00:50 [DEBUG]main.go:17: DoConnecionBegin is Called ... 
2022/04/13 10:01:24 [DEBUG]main.go:17: DoConnecionBegin is Called ... 
2022/04/13 10:07:04 [DEBUG]main.go:32: DoConneciotnLost is Called ... 
2022/04/13 10:07:04 [DEBUG]main.go:17: DoConnecionBegin is Called ... 
2022/04/13 10:09:32 [DEBUG]main.go:32: DoConneciotnLost is Called ... 
2022/04/13 21:22:29 [ERROR]redis.go:18: dial tcp 0.0.0.0:28373: connect: connection refused
2022/04/13 22:24:06 [DEBUG]main.go:17: DoConnecionBegin is Called ... 
2022/04/13 22:41:35 [DEBUG]main.go:32: DoConneciotnLost is Called ... 
2022/04/13 22:41:35 [DEBUG]main.go:17: DoConnecionBegin is Called ... 
2022/04/14 08:32:34 [DEBUG]main.go:15: DoConnecionBegin is Called ... 
2022/04/14 08:38:26 [INFO]user.go:75: login failed:  用户不存在
2022/04/14 08:40:43 [DEBUG]main.go:15: DoConnecionBegin is Called ... 
2022/04/14 08:42:45 [INFO]user.go:75: login failed:  json: Unmarshal(nil *model.UserInfo)
2022/04/14 08:43:47 [INFO]user.go:75: login failed:  json: Unmarshal(nil *model.UserInfo)
2022/04/14 08:56:17 [DEBUG]main.go:30: DoConneciotnLost is Called ... 
2022/04/14 08:56:17 [DEBUG]main.go:15: DoConnecionBegin is Called ... 
2022/04/14 08:56:40 [DEBUG]main.go:15: DoConnecionBegin is Called ... 
2022/04/14 08:57:44 [INFO]user.go:75: login failed:  用户不存在
2022/04/14 08:58:49 [INFO]user.go:75: login failed:  用户不存在
2022/04/14 08:59:37 [INFO]user.go:75: login failed:  用户不存在
2022/04/14 09:02:05 [DEBUG]main.go:30: DoConneciotnLost is Called ... 
2022/04/14 09:02:19 [DEBUG]main.go:15: DoConnecionBegin is Called ... 
2022/04/14 09:02:36 [INFO]user.go:75: login failed:  用户不存在
2022/04/14 09:05:43 [DEBUG]main.go:30: DoConneciotnLost is Called ... 
2022/04/14 09:05:44 [DEBUG]main.go:15: DoConnecionBegin is Called ... 
2022/04/20 09:04:49 [DEBUG]main.go:15: DoConnecionBegin is Called ... 
2022/04/20 09:20:29 [DEBUG]main.go:15: DoConnecionBegin is Called ... 
2022/04/20 09:23:17 [DEBUG]main.go:15: DoConnecionBegin is Called ... 
2022/04/20 09:25:01 [INFO]user.go:89: 用户ID: bfda9d93-e6bc-4018-bc7b-4f46cc1deded : 登录成功
2022/04/20 09:36:19 [DEBUG]main.go:30: DoConneciotnLost is Called ... 
